This is pdfTeX, Version 3.14159265-2.6-1.40.18 (TeX Live 2017/Debian) (preloaded format=pdflatex 2019.7.10)  2 OCT 2019 13:17
entering extended mode
 restricted \write18 enabled.
 %&-line parsing enabled.
**report.tex
(./report.tex
LaTeX2e <2017-04-15>
Babel <3.18> and hyphenation patterns for 3 language(s) loaded.
(/usr/share/texlive/texmf-dist/tex/latex/base/article.cls
Document Class: article 2014/09/29 v1.4h Standard LaTeX document class
(/usr/share/texlive/texmf-dist/tex/latex/base/size10.clo
File: size10.clo 2014/09/29 v1.4h Standard LaTeX file (size option)
)
\c@part=\count79
\c@section=\count80
\c@subsection=\count81
\c@subsubsection=\count82
\c@paragraph=\count83
\c@subparagraph=\count84
\c@figure=\count85
\c@table=\count86
\abovecaptionskip=\skip41
\belowcaptionskip=\skip42
\bibindent=\dimen102
)
(/usr/share/texmf/tex/latex/tex-gyre/tgpagella.sty
Package: tgpagella 2009/09/27 v1.2 TeX Gyre Pagella as default roman family

(/usr/share/texlive/texmf-dist/tex/latex/oberdiek/kvoptions.sty
Package: kvoptions 2016/05/16 v3.12 Key value format for package options (HO)

(/usr/share/texlive/texmf-dist/tex/latex/graphics/keyval.sty
Package: keyval 2014/10/28 v1.15 key=value parser (DPC)
\KV@toks@=\toks14
)
(/usr/share/texlive/texmf-dist/tex/generic/oberdiek/ltxcmds.sty
Package: ltxcmds 2016/05/16 v1.23 LaTeX kernel commands for general use (HO)
)
(/usr/share/texlive/texmf-dist/tex/generic/oberdiek/kvsetkeys.sty
Package: kvsetkeys 2016/05/16 v1.17 Key value parser (HO)

(/usr/share/texlive/texmf-dist/tex/generic/oberdiek/infwarerr.sty
Package: infwarerr 2016/05/16 v1.4 Providing info/warning/error messages (HO)
)
(/usr/share/texlive/texmf-dist/tex/generic/oberdiek/etexcmds.sty
Package: etexcmds 2016/05/16 v1.6 Avoid name clashes with e-TeX commands (HO)

(/usr/share/texlive/texmf-dist/tex/generic/oberdiek/ifluatex.sty
Package: ifluatex 2016/05/16 v1.4 Provides the ifluatex switch (HO)
Package ifluatex Info: LuaTeX not detected.
)
Package etexcmds Info: Could not find \expanded.
(etexcmds)             That can mean that you are not using pdfTeX 1.50 or
(etexcmds)             that some package has redefined \expanded.
(etexcmds)             In the latter case, load this package earlier.
))))
(/usr/share/texlive/texmf-dist/tex/latex/graphics/graphicx.sty
Package: graphicx 2017/06/01 v1.1a Enhanced LaTeX Graphics (DPC,SPQR)

(/usr/share/texlive/texmf-dist/tex/latex/graphics/graphics.sty
Package: graphics 2017/06/25 v1.2c Standard LaTeX Graphics (DPC,SPQR)

(/usr/share/texlive/texmf-dist/tex/latex/graphics/trig.sty
Package: trig 2016/01/03 v1.10 sin cos tan (DPC)
)
(/usr/share/texlive/texmf-dist/tex/latex/graphics-cfg/graphics.cfg
File: graphics.cfg 2016/06/04 v1.11 sample graphics configuration
)
Package graphics Info: Driver file: pdftex.def on input line 99.

(/usr/share/texlive/texmf-dist/tex/latex/graphics-def/pdftex.def
File: pdftex.def 2018/01/08 v1.0l Graphics/color driver for pdftex
))
\Gin@req@height=\dimen103
\Gin@req@width=\dimen104
)
(/usr/share/texlive/texmf-dist/tex/latex/float/float.sty
Package: float 2001/11/08 v1.3d Float enhancements (AL)
\c@float@type=\count87
\float@exts=\toks15
\float@box=\box26
\@float@everytoks=\toks16
\@floatcapt=\box27
)
(/usr/share/texlive/texmf-dist/tex/generic/babel/babel.sty
Package: babel 2018/02/14 3.18 The Babel package

(/usr/share/texlive/texmf-dist/tex/generic/babel/switch.def
File: switch.def 2018/02/14 3.18 Babel switching mechanism
)
(/usr/share/texlive/texmf-dist/tex/generic/babel-english/english.ldf
Language: english 2017/06/06 v3.3r English support from the babel system

(/usr/share/texlive/texmf-dist/tex/generic/babel/babel.def
File: babel.def 2018/02/14 3.18 Babel common definitions
\babel@savecnt=\count88
\U@D=\dimen105

(/usr/share/texlive/texmf-dist/tex/generic/babel/txtbabel.def)
\bbl@dirlevel=\count89
)
\l@british = a dialect from \language\l@english 
\l@UKenglish = a dialect from \language\l@english 
\l@canadian = a dialect from \language\l@american 
\l@australian = a dialect from \language\l@british 
\l@newzealand = a dialect from \language\l@british 
))
(/usr/share/texlive/texmf-dist/tex/latex/base/inputenc.sty
Package: inputenc 2015/03/17 v1.2c Input encoding file
\inpenc@prehook=\toks17
\inpenc@posthook=\toks18

(/usr/share/texlive/texmf-dist/tex/latex/base/latin1.def
File: latin1.def 2015/03/17 v1.2c Input encoding file
))

LaTeX Warning: Unused global option(s):
    [fullpage].

(./report.aux)
\openout1 = `report.aux'.

LaTeX Font Info:    Checking defaults for OML/cmm/m/it on input line 9.
LaTeX Font Info:    ... okay on input line 9.
LaTeX Font Info:    Checking defaults for T1/cmr/m/n on input line 9.
LaTeX Font Info:    ... okay on input line 9.
LaTeX Font Info:    Checking defaults for OT1/cmr/m/n on input line 9.
LaTeX Font Info:    ... okay on input line 9.
LaTeX Font Info:    Checking defaults for OMS/cmsy/m/n on input line 9.
LaTeX Font Info:    ... okay on input line 9.
LaTeX Font Info:    Checking defaults for OMX/cmex/m/n on input line 9.
LaTeX Font Info:    ... okay on input line 9.
LaTeX Font Info:    Checking defaults for U/cmr/m/n on input line 9.
LaTeX Font Info:    ... okay on input line 9.
LaTeX Font Info:    Try loading font information for OT1+qpl on input line 9.
 (/usr/share/texmf/tex/latex/tex-gyre/ot1qpl.fd
File: ot1qpl.fd 2009/09/25 v1.2 font definition file for OT1/qpl
)
(/usr/share/texlive/texmf-dist/tex/context/base/mkii/supp-pdf.mkii
[Loading MPS to PDF converter (version 2006.09.02).]
\scratchcounter=\count90
\scratchdimen=\dimen106
\scratchbox=\box28
\nofMPsegments=\count91
\nofMParguments=\count92
\everyMPshowfont=\toks19
\MPscratchCnt=\count93
\MPscratchDim=\dimen107
\MPnumerator=\count94
\makeMPintoPDFobject=\count95
\everyMPtoPDFconversion=\toks20
) (/usr/share/texlive/texmf-dist/tex/latex/oberdiek/epstopdf-base.sty
Package: epstopdf-base 2016/05/15 v2.6 Base part for package epstopdf

(/usr/share/texlive/texmf-dist/tex/latex/oberdiek/grfext.sty
Package: grfext 2016/05/16 v1.2 Manage graphics extensions (HO)

(/usr/share/texlive/texmf-dist/tex/generic/oberdiek/kvdefinekeys.sty
Package: kvdefinekeys 2016/05/16 v1.4 Define keys (HO)
))
(/usr/share/texlive/texmf-dist/tex/generic/oberdiek/pdftexcmds.sty
Package: pdftexcmds 2018/01/21 v0.26 Utility functions of pdfTeX for LuaTeX (HO
)

(/usr/share/texlive/texmf-dist/tex/generic/oberdiek/ifpdf.sty
Package: ifpdf 2017/03/15 v3.2 Provides the ifpdf switch
)
Package pdftexcmds Info: LuaTeX not detected.
Package pdftexcmds Info: \pdf@primitive is available.
Package pdftexcmds Info: \pdf@ifprimitive is available.
Package pdftexcmds Info: \pdfdraftmode found.
)
Package epstopdf-base Info: Redefining graphics rule for `.eps' on input line 4
38.
Package grfext Info: Graphics extension search list:
(grfext)             [.pdf,.png,.jpg,.mps,.jpeg,.jbig2,.jb2,.PDF,.PNG,.JPG,.JPE
G,.JBIG2,.JB2,.eps]
(grfext)             \AppendGraphicsExtensions on input line 456.

(/usr/share/texlive/texmf-dist/tex/latex/latexconfig/epstopdf-sys.cfg
File: epstopdf-sys.cfg 2010/07/13 v1.3 Configuration of (r)epstopdf for TeX Liv
e
))
LaTeX Font Info:    External font `cmex10' loaded for size
(Font)              <12> on input line 17.
LaTeX Font Info:    External font `cmex10' loaded for size
(Font)              <8> on input line 17.
LaTeX Font Info:    External font `cmex10' loaded for size
(Font)              <6> on input line 17.

Overfull \hbox (2.2695pt too wide) in paragraph at lines 25--28
[]\OT1/qpl/m/n/10 The in-tent be-ing that once these nodes are prop-erly con-fi
g-ured and equipped
 []

LaTeX Font Info:    External font `cmex10' loaded for size
(Font)              <7> on input line 34.
LaTeX Font Info:    External font `cmex10' loaded for size
(Font)              <5> on input line 34.
<starTopology.png, id=1, 739.76375pt x 170.6375pt>
File: starTopology.png Graphic file (type png)
<use starTopology.png>
Package pdftex.def Info: starTopology.png  used on input line 39.
(pdftex.def)             Requested size: 345.0pt x 79.57994pt.
[1

{/var/lib/texmf/fonts/map/pdftex/updmap/pdftex.map} <./starTopology.png>]
<labQuestionTopology.png, id=14, 772.8875pt x 168.63pt>
File: labQuestionTopology.png Graphic file (type png)
<use labQuestionTopology.png>
Package pdftex.def Info: labQuestionTopology.png  used on input line 55.
(pdftex.def)             Requested size: 345.0pt x 75.27296pt.

[2 <./labQuestionTopology.png>]
Overfull \hbox (85.49625pt too wide) in paragraph at lines 190--190
[]    \OT1/cmtt/m/n/10 Config::SetDefault ("ns3::OnOffApplication::PacketSize",
 UintegerValue (137));[] 
 []


Overfull \hbox (90.7462pt too wide) in paragraph at lines 190--190
[]    \OT1/cmtt/m/n/10 Config::SetDefault ("ns3::OnOffApplication::DataRate", S
tringValue ("14kb/s"));[] 
 []


Overfull \hbox (85.49625pt too wide) in paragraph at lines 190--190
[]    \OT1/cmtt/m/n/10 // Default number of nodes in the star.  Overridable by 
command line argument.[] 
 []


Overfull \hbox (64.49643pt too wide) in paragraph at lines 190--190
[]    \OT1/cmtt/m/n/10 cmd.AddValue ("nSpokes", "Number of nodes to place in th
e star", nSpokes);[] 
 []


Overfull \hbox (27.74675pt too wide) in paragraph at lines 190--190
[]    \OT1/cmtt/m/n/10 // Specifying attributes for point tp point links of sta
r topology.[] 
 []


Overfull \hbox (32.9967pt too wide) in paragraph at lines 190--190
[]    \OT1/cmtt/m/n/10 pointToPoint.SetDeviceAttribute ("DataRate", StringValue
 ("5Mbps"));[] 
 []


Overfull \hbox (11.99689pt too wide) in paragraph at lines 190--190
[]    \OT1/cmtt/m/n/10 pointToPoint.SetChannelAttribute ("Delay", StringValue (
"2ms"));[] 
 []


Overfull \hbox (27.74675pt too wide) in paragraph at lines 190--190
[]    \OT1/cmtt/m/n/10 NS_LOG_INFO("Installing internet stack on nodes of star 
topology");[] 
 []


Overfull \hbox (69.74638pt too wide) in paragraph at lines 190--190
[]    \OT1/cmtt/m/n/10 star.AssignIpv4Addresses (Ipv4AddressHelper ("10.1.1.0",
 "255.255.255.0"));[] 
 []


Overfull \hbox (59.24648pt too wide) in paragraph at lines 190--190
[]    \OT1/cmtt/m/n/10 // Creating point to point link for connection between n
ode 5 and node 9.[] 
 []

[3]
Overfull \hbox (64.49643pt too wide) in paragraph at lines 190--190
[]    \OT1/cmtt/m/n/10 // Installing netdevices, internet stack and assigning i
p's for this link.[] 
 []


Overfull \hbox (11.99689pt too wide) in paragraph at lines 190--190
[]    \OT1/cmtt/m/n/10 Ipv4InterfaceContainer interfaces = address.Assign (p2pD
evices);[] 
 []


Overfull \hbox (69.74638pt too wide) in paragraph at lines 190--190
[]    \OT1/cmtt/m/n/10 Address hubLocalAddress (InetSocketAddress (Ipv4Address:
:GetAny (), port));[] 
 []


Overfull \hbox (80.24629pt too wide) in paragraph at lines 190--190
[]    \OT1/cmtt/m/n/10 PacketSinkHelper packetSinkHelper ("ns3::TcpSocketFactor
y", hubLocalAddress);[] 
 []


Overfull \hbox (59.24648pt too wide) in paragraph at lines 190--190
[]    \OT1/cmtt/m/n/10 ApplicationContainer hubApp = packetSinkHelper.Install (
p2pNodes.Get(1));[] 
 []


Overfull \hbox (1.49698pt too wide) in paragraph at lines 190--190
[]    \OT1/cmtt/m/n/10 OnOffHelper onOffHelper ("ns3::TcpSocketFactory", Addres
s ());[] 
 []


Overfull \hbox (11.99689pt too wide) in paragraph at lines 190--190
[]        \OT1/cmtt/m/n/10 spokeApps.Add (onOffHelper.Install (star.GetSpokeNod
e (i)));[] 
 []


Overfull \hbox (85.49625pt too wide) in paragraph at lines 190--190
[]    \OT1/cmtt/m/n/10 // Turn on global static routing so we can actually be r
outed across the star.[] 
 []

[4]
Overfull \hbox (1.49698pt too wide) in paragraph at lines 190--190
[]    \OT1/cmtt/m/n/10 // Do pcap tracing on all point-to-point devices on all 
nodes.[] 
 []

<labQuestion.png, id=25, 805.0075pt x 680.5425pt>
File: labQuestion.png Graphic file (type png)
<use labQuestion.png>
Package pdftex.def Info: labQuestion.png  used on input line 193.
(pdftex.def)             Requested size: 345.0pt x 291.65144pt.
[5 <./labQuestion.png>]
<postLabQuestionTopology.png, id=30, 685.56125pt x 164.615pt>
File: postLabQuestionTopology.png Graphic file (type png)
<use postLabQuestionTopology.png>
Package pdftex.def Info: postLabQuestionTopology.png  used on input line 206.
(pdftex.def)             Requested size: 345.0pt x 82.8423pt.

Overfull \hbox (85.49625pt too wide) in paragraph at lines 349--349
[]    \OT1/cmtt/m/n/10 Config::SetDefault ("ns3::OnOffApplication::PacketSize",
 UintegerValue (137));[] 
 []

[6 <./postLabQuestionTopology.png>]
Overfull \hbox (90.7462pt too wide) in paragraph at lines 349--349
[]    \OT1/cmtt/m/n/10 Config::SetDefault ("ns3::OnOffApplication::DataRate", S
tringValue ("14kb/s"));[] 
 []


Overfull \hbox (53.99652pt too wide) in paragraph at lines 349--349
[]    \OT1/cmtt/m/n/10 // Case user wishes to ammend above spoke and csma count
s at the outset.[] 
 []


Overfull \hbox (43.49661pt too wide) in paragraph at lines 349--349
[]    \OT1/cmtt/m/n/10 cmd.AddValue ("nSpokes", "Number of nodes to place in st
ar", nSpokes);[] 
 []


Overfull \hbox (22.4968pt too wide) in paragraph at lines 349--349
[]    \OT1/cmtt/m/n/10 cmd.AddValue ("nCsma", "Number of nodes to place in csma
", nCsma);[] 
 []


Overfull \hbox (17.24684pt too wide) in paragraph at lines 349--349
[]    \OT1/cmtt/m/n/10 pointToPoint.SetDeviceAttribute("DataRate",StringValue("
5Mbps"));[] 
 []


Overfull \hbox (6.74693pt too wide) in paragraph at lines 349--349
[]    \OT1/cmtt/m/n/10 csma.SetChannelAttribute ("DataRate", StringValue ("100M
bps"));[] 
 []


Overfull \hbox (27.74675pt too wide) in paragraph at lines 349--349
[]    \OT1/cmtt/m/n/10 csma.SetChannelAttribute ("Delay", TimeValue (NanoSecond
s (6560)));[] 
 []


Overfull \hbox (32.9967pt too wide) in paragraph at lines 349--349
[]    \OT1/cmtt/m/n/10 NS_LOG_INFO(" 5. Installing protocol stack on star and c
sma nodes");[] 
 []


Overfull \hbox (90.7462pt too wide) in paragraph at lines 349--349
[]    \OT1/cmtt/m/n/10 NS_LOG_INFO(" 6. Create node container for node 5 of sta
r and node 9 of csma");[] 
 []


Overfull \hbox (85.49625pt too wide) in paragraph at lines 349--349
[]    \OT1/cmtt/m/n/10 NodeContainer p2pNodes = NodeContainer(star.GetSpokeNode
(4),csmaNodes.Get(0));[] 
 []


Overfull \hbox (32.9967pt too wide) in paragraph at lines 349--349
[]    \OT1/cmtt/m/n/10 NS_LOG_INFO(" 7. Installing additional network cards on 
p2p nodes");[] 
 []

[7]
Overfull \hbox (69.74638pt too wide) in paragraph at lines 349--349
[]    \OT1/cmtt/m/n/10 star.AssignIpv4Addresses (Ipv4AddressHelper ("10.1.1.0",
 "255.255.255.0"));[] 
 []


Overfull \hbox (69.74638pt too wide) in paragraph at lines 349--349
[]    \OT1/cmtt/m/n/10 Address hubLocalAddress (InetSocketAddress (Ipv4Address:
:GetAny (), port));[] 
 []


Overfull \hbox (80.24629pt too wide) in paragraph at lines 349--349
[]    \OT1/cmtt/m/n/10 PacketSinkHelper packetSinkHelper ("ns3::TcpSocketFactor
y", hubLocalAddress);[] 
 []


Overfull \hbox (95.99615pt too wide) in paragraph at lines 349--349
[]    \OT1/cmtt/m/n/10 ApplicationContainer hubApp = packetSinkHelper.Install (
csmaNodes.Get(nCsma-1));[] 
 []


Overfull \hbox (59.24648pt too wide) in paragraph at lines 349--349
[]    \OT1/cmtt/m/n/10 // Creating OnOff apps to send tcp packets to hub, on on
 each spoke node.[] 
 []


Overfull \hbox (1.49698pt too wide) in paragraph at lines 349--349
[]    \OT1/cmtt/m/n/10 OnOffHelper onOffHelper ("ns3::TcpSocketFactory", Addres
s ());[] 
 []


Overfull \hbox (11.99689pt too wide) in paragraph at lines 349--349
[]        \OT1/cmtt/m/n/10 spokeApps.Add (onOffHelper.Install (star.GetSpokeNod
e (i)));[] 
 []

[8]
<postLabQuestion.png, id=42, 808.01875pt x 728.7225pt>
File: postLabQuestion.png Graphic file (type png)
<use postLabQuestion.png>
Package pdftex.def Info: postLabQuestion.png  used on input line 352.
(pdftex.def)             Requested size: 345.0pt x 311.14293pt.
 [9] [10 <./postLabQuestion.png>] (./report.aux)

LaTeX Warning: Label(s) may have changed. Rerun to get cross-references right.

 ) 
Here is how much of TeX's memory you used:
 2143 strings out of 494923
 30687 string characters out of 6180742
 93359 words of memory out of 5000000
 5429 multiletter control sequences out of 15000+600000
 23824 words of font info for 30 fonts, out of 8000000 for 9000
 14 hyphenation exceptions out of 8191
 37i,6n,25p,272b,247s stack positions out of 5000i,500n,10000p,200000b,80000s
{/usr/share/texmf/fonts/enc/dvips/tex-gyre/q-rm.enc}</usr/share/texlive/texmf
-dist/fonts/type1/public/amsfonts/cm/cmmi10.pfb></usr/share/texlive/texmf-dist/
fonts/type1/public/amsfonts/cm/cmr10.pfb></usr/share/texlive/texmf-dist/fonts/t
ype1/public/amsfonts/cm/cmtt10.pfb></usr/share/texmf/fonts/type1/public/tex-gyr
e/qplb.pfb></usr/share/texmf/fonts/type1/public/tex-gyre/qplr.pfb>
Output written on report.pdf (10 pages, 332840 bytes).
PDF statistics:
 69 PDF objects out of 1000 (max. 8388607)
 41 compressed objects within 1 object stream
 0 named destinations out of 1000 (max. 500000)
 26 words of extra memory for PDF output out of 10000 (max. 10000000)

