This is pdfTeX, Version 3.14159265-2.6-1.40.18 (TeX Live 2017/Debian) (preloaded format=pdflatex 2019.7.10)  19 SEP 2019 08:27
entering extended mode
 restricted \write18 enabled.
 %&-line parsing enabled.
**report.tex
(./report.tex
LaTeX2e <2017-04-15>
Babel <3.18> and hyphenation patterns for 3 language(s) loaded.
(/usr/share/texlive/texmf-dist/tex/latex/base/article.cls
Document Class: article 2014/09/29 v1.4h Standard LaTeX document class
(/usr/share/texlive/texmf-dist/tex/latex/base/size10.clo
File: size10.clo 2014/09/29 v1.4h Standard LaTeX file (size option)
)
\c@part=\count79
\c@section=\count80
\c@subsection=\count81
\c@subsubsection=\count82
\c@paragraph=\count83
\c@subparagraph=\count84
\c@figure=\count85
\c@table=\count86
\abovecaptionskip=\skip41
\belowcaptionskip=\skip42
\bibindent=\dimen102
)
(/usr/share/texmf/tex/latex/tex-gyre/tgpagella.sty
Package: tgpagella 2009/09/27 v1.2 TeX Gyre Pagella as default roman family

(/usr/share/texlive/texmf-dist/tex/latex/oberdiek/kvoptions.sty
Package: kvoptions 2016/05/16 v3.12 Key value format for package options (HO)

(/usr/share/texlive/texmf-dist/tex/latex/graphics/keyval.sty
Package: keyval 2014/10/28 v1.15 key=value parser (DPC)
\KV@toks@=\toks14
)
(/usr/share/texlive/texmf-dist/tex/generic/oberdiek/ltxcmds.sty
Package: ltxcmds 2016/05/16 v1.23 LaTeX kernel commands for general use (HO)
)
(/usr/share/texlive/texmf-dist/tex/generic/oberdiek/kvsetkeys.sty
Package: kvsetkeys 2016/05/16 v1.17 Key value parser (HO)

(/usr/share/texlive/texmf-dist/tex/generic/oberdiek/infwarerr.sty
Package: infwarerr 2016/05/16 v1.4 Providing info/warning/error messages (HO)
)
(/usr/share/texlive/texmf-dist/tex/generic/oberdiek/etexcmds.sty
Package: etexcmds 2016/05/16 v1.6 Avoid name clashes with e-TeX commands (HO)

(/usr/share/texlive/texmf-dist/tex/generic/oberdiek/ifluatex.sty
Package: ifluatex 2016/05/16 v1.4 Provides the ifluatex switch (HO)
Package ifluatex Info: LuaTeX not detected.
)
Package etexcmds Info: Could not find \expanded.
(etexcmds)             That can mean that you are not using pdfTeX 1.50 or
(etexcmds)             that some package has redefined \expanded.
(etexcmds)             In the latter case, load this package earlier.
))))
(/usr/share/texlive/texmf-dist/tex/latex/graphics/graphicx.sty
Package: graphicx 2017/06/01 v1.1a Enhanced LaTeX Graphics (DPC,SPQR)

(/usr/share/texlive/texmf-dist/tex/latex/graphics/graphics.sty
Package: graphics 2017/06/25 v1.2c Standard LaTeX Graphics (DPC,SPQR)

(/usr/share/texlive/texmf-dist/tex/latex/graphics/trig.sty
Package: trig 2016/01/03 v1.10 sin cos tan (DPC)
)
(/usr/share/texlive/texmf-dist/tex/latex/graphics-cfg/graphics.cfg
File: graphics.cfg 2016/06/04 v1.11 sample graphics configuration
)
Package graphics Info: Driver file: pdftex.def on input line 99.

(/usr/share/texlive/texmf-dist/tex/latex/graphics-def/pdftex.def
File: pdftex.def 2018/01/08 v1.0l Graphics/color driver for pdftex
))
\Gin@req@height=\dimen103
\Gin@req@width=\dimen104
)
(/usr/share/texlive/texmf-dist/tex/latex/float/float.sty
Package: float 2001/11/08 v1.3d Float enhancements (AL)
\c@float@type=\count87
\float@exts=\toks15
\float@box=\box26
\@float@everytoks=\toks16
\@floatcapt=\box27
)
(/usr/share/texlive/texmf-dist/tex/generic/babel/babel.sty
Package: babel 2018/02/14 3.18 The Babel package

(/usr/share/texlive/texmf-dist/tex/generic/babel/switch.def
File: switch.def 2018/02/14 3.18 Babel switching mechanism
)
(/usr/share/texlive/texmf-dist/tex/generic/babel-english/english.ldf
Language: english 2017/06/06 v3.3r English support from the babel system

(/usr/share/texlive/texmf-dist/tex/generic/babel/babel.def
File: babel.def 2018/02/14 3.18 Babel common definitions
\babel@savecnt=\count88
\U@D=\dimen105

(/usr/share/texlive/texmf-dist/tex/generic/babel/txtbabel.def)
\bbl@dirlevel=\count89
)
\l@british = a dialect from \language\l@english 
\l@UKenglish = a dialect from \language\l@english 
\l@canadian = a dialect from \language\l@american 
\l@australian = a dialect from \language\l@british 
\l@newzealand = a dialect from \language\l@british 
))
(/usr/share/texlive/texmf-dist/tex/latex/base/inputenc.sty
Package: inputenc 2015/03/17 v1.2c Input encoding file
\inpenc@prehook=\toks17
\inpenc@posthook=\toks18

(/usr/share/texlive/texmf-dist/tex/latex/base/latin1.def
File: latin1.def 2015/03/17 v1.2c Input encoding file
))

LaTeX Warning: Unused global option(s):
    [fullpage].

(./report.aux

LaTeX Warning: Label `fig:output2' multiply defined.


LaTeX Warning: Label `fig:output2' multiply defined.


LaTeX Warning: Label `fig:output2' multiply defined.

)
\openout1 = `report.aux'.

LaTeX Font Info:    Checking defaults for OML/cmm/m/it on input line 9.
LaTeX Font Info:    ... okay on input line 9.
LaTeX Font Info:    Checking defaults for T1/cmr/m/n on input line 9.
LaTeX Font Info:    ... okay on input line 9.
LaTeX Font Info:    Checking defaults for OT1/cmr/m/n on input line 9.
LaTeX Font Info:    ... okay on input line 9.
LaTeX Font Info:    Checking defaults for OMS/cmsy/m/n on input line 9.
LaTeX Font Info:    ... okay on input line 9.
LaTeX Font Info:    Checking defaults for OMX/cmex/m/n on input line 9.
LaTeX Font Info:    ... okay on input line 9.
LaTeX Font Info:    Checking defaults for U/cmr/m/n on input line 9.
LaTeX Font Info:    ... okay on input line 9.
LaTeX Font Info:    Try loading font information for OT1+qpl on input line 9.
 (/usr/share/texmf/tex/latex/tex-gyre/ot1qpl.fd
File: ot1qpl.fd 2009/09/25 v1.2 font definition file for OT1/qpl
)
(/usr/share/texlive/texmf-dist/tex/context/base/mkii/supp-pdf.mkii
[Loading MPS to PDF converter (version 2006.09.02).]
\scratchcounter=\count90
\scratchdimen=\dimen106
\scratchbox=\box28
\nofMPsegments=\count91
\nofMParguments=\count92
\everyMPshowfont=\toks19
\MPscratchCnt=\count93
\MPscratchDim=\dimen107
\MPnumerator=\count94
\makeMPintoPDFobject=\count95
\everyMPtoPDFconversion=\toks20
) (/usr/share/texlive/texmf-dist/tex/latex/oberdiek/epstopdf-base.sty
Package: epstopdf-base 2016/05/15 v2.6 Base part for package epstopdf

(/usr/share/texlive/texmf-dist/tex/latex/oberdiek/grfext.sty
Package: grfext 2016/05/16 v1.2 Manage graphics extensions (HO)

(/usr/share/texlive/texmf-dist/tex/generic/oberdiek/kvdefinekeys.sty
Package: kvdefinekeys 2016/05/16 v1.4 Define keys (HO)
))
(/usr/share/texlive/texmf-dist/tex/generic/oberdiek/pdftexcmds.sty
Package: pdftexcmds 2018/01/21 v0.26 Utility functions of pdfTeX for LuaTeX (HO
)

(/usr/share/texlive/texmf-dist/tex/generic/oberdiek/ifpdf.sty
Package: ifpdf 2017/03/15 v3.2 Provides the ifpdf switch
)
Package pdftexcmds Info: LuaTeX not detected.
Package pdftexcmds Info: \pdf@primitive is available.
Package pdftexcmds Info: \pdf@ifprimitive is available.
Package pdftexcmds Info: \pdfdraftmode found.
)
Package epstopdf-base Info: Redefining graphics rule for `.eps' on input line 4
38.
Package grfext Info: Graphics extension search list:
(grfext)             [.pdf,.png,.jpg,.mps,.jpeg,.jbig2,.jb2,.PDF,.PNG,.JPG,.JPE
G,.JBIG2,.JB2,.eps]
(grfext)             \AppendGraphicsExtensions on input line 456.

(/usr/share/texlive/texmf-dist/tex/latex/latexconfig/epstopdf-sys.cfg
File: epstopdf-sys.cfg 2010/07/13 v1.3 Configuration of (r)epstopdf for TeX Liv
e
))
LaTeX Font Info:    External font `cmex10' loaded for size
(Font)              <12> on input line 17.
LaTeX Font Info:    External font `cmex10' loaded for size
(Font)              <8> on input line 17.
LaTeX Font Info:    External font `cmex10' loaded for size
(Font)              <6> on input line 17.
<topologyLabQuestion.png, id=1, 504.88625pt x 92.345pt>
File: topologyLabQuestion.png Graphic file (type png)
<use topologyLabQuestion.png>
Package pdftex.def Info: topologyLabQuestion.png  used on input line 40.
(pdftex.def)             Requested size: 345.0pt x 63.10234pt.

Overfull \hbox (3.06772pt too wide) in paragraph at lines 46--53
[][]\OT1/cmtt/m/n/10 Ipv4GlobalRoutingHelper::PopulateRoutingTables() []\OT1/qp
l/m/n/10 was in-cluded to al-low
 []

[1

{/var/lib/texmf/fonts/map/pdftex/updmap/pdftex.map} <./topologyLabQuestion.png>
]
Overfull \hbox (11.99689pt too wide) in paragraph at lines 152--152
[]    \OT1/cmtt/m/n/10 LogComponentEnable ("UdpEchoClientApplication", LOG_LEVE
L_INFO);[] 
 []


Overfull \hbox (11.99689pt too wide) in paragraph at lines 152--152
[]    \OT1/cmtt/m/n/10 LogComponentEnable ("UdpEchoServerApplication", LOG_LEVE
L_INFO);[] 
 []


Overfull \hbox (11.99689pt too wide) in paragraph at lines 152--152
[]    \OT1/cmtt/m/n/10 NodeContainer clientRouterNodes = NodeContainer(allNodes
.Get(0),[] 
 []


Overfull \hbox (11.99689pt too wide) in paragraph at lines 152--152
[]    \OT1/cmtt/m/n/10 NodeContainer routerServerNodes = NodeContainer(allNodes
.Get(1),[] 
 []


Overfull \hbox (32.9967pt too wide) in paragraph at lines 152--152
[]    \OT1/cmtt/m/n/10 pointToPointOne.SetDeviceAttribute("DataRate",StringValu
e("5Mbps"));[] 
 []

[2]
Overfull \hbox (11.99689pt too wide) in paragraph at lines 152--152
[]    \OT1/cmtt/m/n/10 pointToPointOne.SetChannelAttribute("Delay",StringValue(
"2ms"));[] 
 []


Overfull \hbox (32.9967pt too wide) in paragraph at lines 152--152
[]    \OT1/cmtt/m/n/10 pointToPointTwo.SetDeviceAttribute("DataRate",StringValu
e("5Mbps"));[] 
 []


Overfull \hbox (11.99689pt too wide) in paragraph at lines 152--152
[]    \OT1/cmtt/m/n/10 pointToPointTwo.SetChannelAttribute("Delay",StringValue(
"2ms"));[] 
 []


Overfull \hbox (6.74693pt too wide) in paragraph at lines 152--152
[]    \OT1/cmtt/m/n/10 addressOne.SetBase ("192.168.40.0", "255.255.255.0","0.0
.0.1");[] 
 []


Overfull \hbox (43.49661pt too wide) in paragraph at lines 152--152
[]    \OT1/cmtt/m/n/10 Ipv4InterfaceContainer interfacesOne = addressOne.Assign
 (devicesOne);[] 
 []


Overfull \hbox (6.74693pt too wide) in paragraph at lines 152--152
[]    \OT1/cmtt/m/n/10 addressTwo.SetBase ("192.168.41.0", "255.255.255.0","0.0
.0.1");[] 
 []


Overfull \hbox (43.49661pt too wide) in paragraph at lines 152--152
[]    \OT1/cmtt/m/n/10 Ipv4InterfaceContainer interfacesTwo = addressTwo.Assign
 (devicesTwo);[] 
 []


Overfull \hbox (95.99615pt too wide) in paragraph at lines 152--152
[]    \OT1/cmtt/m/n/10 ApplicationContainer serverApps = echoServer.Install (ro
uterServerNodes.Get(1));[] 
 []


Overfull \hbox (17.24684pt too wide) in paragraph at lines 152--152
[]    \OT1/cmtt/m/n/10 UdpEchoClientHelper echoClient (interfacesTwo.GetAddress
 (1), 9);[] 
 []

[3]
Overfull \hbox (11.99689pt too wide) in paragraph at lines 152--152
[]    \OT1/cmtt/m/n/10 echoClient.SetAttribute ("Interval", TimeValue (Seconds 
(1.0)));[] 
 []


Overfull \hbox (101.24611pt too wide) in paragraph at lines 152--152
[]    \OT1/cmtt/m/n/10 ApplicationContainer clientApps = echoClient.Install (cl
ientRouterNodes.Get (0));[] 
 []

<labQuestion.png, id=18, 771.88374pt x 175.65625pt>
File: labQuestion.png Graphic file (type png)
<use labQuestion.png>
Package pdftex.def Info: labQuestion.png  used on input line 155.
(pdftex.def)             Requested size: 345.0pt x 78.51118pt.
<topologyPostLabQuestion.png, id=19, 551.05875pt x 156.585pt>
File: topologyPostLabQuestion.png Graphic file (type png)
<use topologyPostLabQuestion.png>
Package pdftex.def Info: topologyPostLabQuestion.png  used on input line 169.
(pdftex.def)             Requested size: 345.0pt x 98.0374pt.
[4 <./labQuestion.png>]
Overfull \hbox (11.99689pt too wide) in paragraph at lines 306--306
[]    \OT1/cmtt/m/n/10 LogComponentEnable ("UdpEchoClientApplication", LOG_LEVE
L_INFO);[] 
 []


Overfull \hbox (11.99689pt too wide) in paragraph at lines 306--306
[]    \OT1/cmtt/m/n/10 LogComponentEnable ("UdpEchoServerApplication", LOG_LEVE
L_INFO);[] 
 []


Overfull \hbox (38.24666pt too wide) in paragraph at lines 306--306
[]    \OT1/cmtt/m/n/10 // Creating node container for client and router point t
o point link.[] 
 []


Overfull \hbox (27.74675pt too wide) in paragraph at lines 306--306
[]    \OT1/cmtt/m/n/10 clientRouterNodes = NodeContainer(allNodes.Get(0),allNod
es.Get(1));[] 
 []


Overfull \hbox (43.49661pt too wide) in paragraph at lines 306--306
[]    \OT1/cmtt/m/n/10 routerServerNodesOne = NodeContainer(allNodes.Get(1),all
Nodes.Get(2));[] 
 []

[5 <./topologyPostLabQuestion.png>]
Overfull \hbox (43.49661pt too wide) in paragraph at lines 306--306
[]    \OT1/cmtt/m/n/10 routerServerNodesTwo = NodeContainer(allNodes.Get(1),all
Nodes.Get(3));[] 
 []


Overfull \hbox (22.4968pt too wide) in paragraph at lines 306--306
[]    \OT1/cmtt/m/n/10 // Specifying point to point link between client and rou
ter nodes.[] 
 []


Overfull \hbox (11.99689pt too wide) in paragraph at lines 306--306
[]    \OT1/cmtt/m/n/10 pointToPoint.SetDeviceAttribute("DataRate",StringValue("
Mbps"));[] 
 []


Overfull \hbox (22.4968pt too wide) in paragraph at lines 306--306
[]    \OT1/cmtt/m/n/10 // Specifying point to point link between router and fir
st server.[] 
 []


Overfull \hbox (27.74675pt too wide) in paragraph at lines 306--306
[]    \OT1/cmtt/m/n/10 pointToPointOne.SetDeviceAttribute("DataRate",StringValu
e("Mbps"));[] 
 []


Overfull \hbox (11.99689pt too wide) in paragraph at lines 306--306
[]    \OT1/cmtt/m/n/10 pointToPointOne.SetChannelAttribute("Delay",StringValue(
"2ms"));[] 
 []


Overfull \hbox (27.74675pt too wide) in paragraph at lines 306--306
[]    \OT1/cmtt/m/n/10 // Specifying point to point link between router and sec
ond server.[] 
 []


Overfull \hbox (27.74675pt too wide) in paragraph at lines 306--306
[]    \OT1/cmtt/m/n/10 pointToPointTwo.SetDeviceAttribute("DataRate",StringValu
e("Mbps"));[] 
 []


Overfull \hbox (11.99689pt too wide) in paragraph at lines 306--306
[]    \OT1/cmtt/m/n/10 pointToPointTwo.SetChannelAttribute("Delay",StringValue(
"2ms"));[] 
 []


Overfull \hbox (1.49698pt too wide) in paragraph at lines 306--306
[]    \OT1/cmtt/m/n/10 // Installing Network Cards on router and second server 
nodes.[] 
 []

[6]
Overfull \hbox (27.74675pt too wide) in paragraph at lines 306--306
[]    \OT1/cmtt/m/n/10 Ipv4InterfaceContainer interfacesOne = address.Assign (d
evicesOne);[] 
 []


Overfull \hbox (27.74675pt too wide) in paragraph at lines 306--306
[]    \OT1/cmtt/m/n/10 Ipv4InterfaceContainer interfacesTwo = address.Assign (d
evicesTwo);[] 
 []


Overfull \hbox (38.24666pt too wide) in paragraph at lines 306--306
[]    \OT1/cmtt/m/n/10 // Creating server and installing Server Application on 
first Server.[] 
 []


Overfull \hbox (43.49661pt too wide) in paragraph at lines 306--306
[]    \OT1/cmtt/m/n/10 // Creating server and installing Server Application on 
second Server.[] 
 []


Overfull \hbox (90.7462pt too wide) in paragraph at lines 306--306
[]    \OT1/cmtt/m/n/10 // Creating and installing client application to communi
cate with first server.[] 
 []


Overfull \hbox (22.4968pt too wide) in paragraph at lines 306--306
[]    \OT1/cmtt/m/n/10 UdpEchoClientHelper echoClient (interfacesOne.GetAddress
 (1), 93);[] 
 []


Overfull \hbox (11.99689pt too wide) in paragraph at lines 306--306
[]    \OT1/cmtt/m/n/10 echoClient.SetAttribute ("Interval", TimeValue (Seconds 
(1.0)));[] 
 []


Overfull \hbox (95.99615pt too wide) in paragraph at lines 306--306
[]    \OT1/cmtt/m/n/10 // Creating and installing client application to communi
cate with second server.[] 
 []


Overfull \hbox (27.74675pt too wide) in paragraph at lines 306--306
[]    \OT1/cmtt/m/n/10 echoClient = UdpEchoClientHelper(interfacesTwo.GetAddres
s (1), 94);[] 
 []


Overfull \hbox (11.99689pt too wide) in paragraph at lines 306--306
[]    \OT1/cmtt/m/n/10 echoClient.SetAttribute ("Interval", TimeValue (Seconds 
(1.0)));[] 
 []


Overfull \hbox (106.49606pt too wide) in paragraph at lines 306--306
[]    \OT1/cmtt/m/n/10 ApplicationContainer clientAppsTwo = echoClient.Install(
clientRouterNodes.Get(0));[] 
 []

[7]
<postLabQuestion.png, id=34, 807.015pt x 210.7875pt>
File: postLabQuestion.png Graphic file (type png)
<use postLabQuestion.png>
Package pdftex.def Info: postLabQuestion.png  used on input line 309.
(pdftex.def)             Requested size: 345.0pt x 90.1126pt.
 [8 <./postLabQuestion.png>] (./report.aux)

LaTeX Warning: There were multiply-defined labels.

 ) 
Here is how much of TeX's memory you used:
 2133 strings out of 494923
 30522 string characters out of 6180742
 92382 words of memory out of 5000000
 5420 multiletter control sequences out of 15000+600000
 26598 words of font info for 31 fonts, out of 8000000 for 9000
 14 hyphenation exceptions out of 8191
 37i,6n,25p,272b,243s stack positions out of 5000i,500n,10000p,200000b,80000s
{/usr/share/texmf/fonts/enc/dvips/tex-gyre/q-rm.enc}</usr/share/texlive/texmf
-dist/fonts/type1/public/amsfonts/cm/cmtt10.pfb></usr/share/texmf/fonts/type1/p
ublic/tex-gyre/qplb.pfb></usr/share/texmf/fonts/type1/public/tex-gyre/qplr.pfb>

Output written on report.pdf (8 pages, 198365 bytes).
PDF statistics:
 52 PDF objects out of 1000 (max. 8388607)
 31 compressed objects within 1 object stream
 0 named destinations out of 1000 (max. 500000)
 21 words of extra memory for PDF output out of 10000 (max. 10000000)

